mode: set
stokku/delivery/controller/item/item.go:25.85,30.2 1 1
stokku/delivery/controller/item/item.go:33.56,34.36 1 1
stokku/delivery/controller/item/item.go:34.36,37.17 2 1
stokku/delivery/controller/item/item.go:41.3,42.58 2 1
stokku/delivery/controller/item/item.go:37.17,40.4 2 1
stokku/delivery/controller/item/item.go:47.55,48.36 1 1
stokku/delivery/controller/item/item.go:48.36,51.17 3 1
stokku/delivery/controller/item/item.go:55.3,56.18 2 1
stokku/delivery/controller/item/item.go:60.3,61.57 2 1
stokku/delivery/controller/item/item.go:51.17,54.4 2 1
stokku/delivery/controller/item/item.go:56.18,59.4 2 1
stokku/delivery/controller/item/item.go:66.56,67.36 1 0
stokku/delivery/controller/item/item.go:67.36,69.42 2 0
stokku/delivery/controller/item/item.go:74.3,76.49 2 0
stokku/delivery/controller/item/item.go:82.3,85.18 3 0
stokku/delivery/controller/item/item.go:89.3,90.61 2 0
stokku/delivery/controller/item/item.go:69.42,72.4 2 0
stokku/delivery/controller/item/item.go:76.49,80.4 3 0
stokku/delivery/controller/item/item.go:85.18,88.4 2 0
stokku/delivery/controller/item/item.go:95.56,96.36 1 1
stokku/delivery/controller/item/item.go:96.36,98.42 2 1
stokku/delivery/controller/item/item.go:102.3,104.18 3 1
stokku/delivery/controller/item/item.go:109.3,110.25 2 1
stokku/delivery/controller/item/item.go:113.3,113.26 1 1
stokku/delivery/controller/item/item.go:117.3,120.23 3 1
stokku/delivery/controller/item/item.go:125.3,126.65 2 1
stokku/delivery/controller/item/item.go:98.42,101.4 2 1
stokku/delivery/controller/item/item.go:104.18,108.4 2 1
stokku/delivery/controller/item/item.go:110.25,112.4 1 1
stokku/delivery/controller/item/item.go:113.26,115.4 1 1
stokku/delivery/controller/item/item.go:120.23,123.4 2 1
stokku/delivery/controller/item/item.go:131.56,132.36 1 1
stokku/delivery/controller/item/item.go:132.36,135.17 3 1
stokku/delivery/controller/item/item.go:140.3,141.23 2 1
stokku/delivery/controller/item/item.go:145.3,146.53 2 1
stokku/delivery/controller/item/item.go:135.17,138.4 2 1
stokku/delivery/controller/item/item.go:141.23,144.4 2 1
stokku/delivery/controller/item/item.go:151.52,152.36 1 0
stokku/delivery/controller/item/item.go:152.36,155.39 2 0
stokku/delivery/controller/item/item.go:160.3,160.47 1 0
stokku/delivery/controller/item/item.go:163.3,167.23 3 0
stokku/delivery/controller/item/item.go:172.3,175.20 3 0
stokku/delivery/controller/item/item.go:180.3,184.20 3 0
stokku/delivery/controller/item/item.go:189.3,189.70 1 0
stokku/delivery/controller/item/item.go:155.39,158.4 2 0
stokku/delivery/controller/item/item.go:160.47,162.4 1 0
stokku/delivery/controller/item/item.go:167.23,170.4 2 0
stokku/delivery/controller/item/item.go:175.20,178.4 2 0
stokku/delivery/controller/item/item.go:184.20,187.4 2 0
stokku/delivery/controller/item/item.go:194.53,195.36 1 0
stokku/delivery/controller/item/item.go:195.36,199.39 2 0
stokku/delivery/controller/item/item.go:204.3,204.47 1 0
stokku/delivery/controller/item/item.go:209.3,211.23 2 0
stokku/delivery/controller/item/item.go:216.3,219.21 3 0
stokku/delivery/controller/item/item.go:224.3,228.20 3 0
stokku/delivery/controller/item/item.go:232.3,232.70 1 0
stokku/delivery/controller/item/item.go:199.39,202.4 2 0
stokku/delivery/controller/item/item.go:204.47,207.4 1 0
stokku/delivery/controller/item/item.go:211.23,214.4 2 0
stokku/delivery/controller/item/item.go:219.21,222.4 2 0
stokku/delivery/controller/item/item.go:228.20,231.4 2 0
stokku/delivery/controller/item/item.go:237.53,238.36 1 1
stokku/delivery/controller/item/item.go:238.36,241.17 2 1
stokku/delivery/controller/item/item.go:245.3,247.70 2 1
stokku/delivery/controller/item/item.go:241.17,244.4 2 1
stokku/delivery/controller/item/item.go:252.57,253.36 1 1
stokku/delivery/controller/item/item.go:253.36,255.17 2 1
stokku/delivery/controller/item/item.go:259.3,259.71 1 1
stokku/delivery/controller/item/item.go:255.17,258.4 2 1
stokku/delivery/controller/item/item.go:264.56,265.36 1 1
stokku/delivery/controller/item/item.go:265.36,267.17 2 1
stokku/delivery/controller/item/item.go:271.3,271.70 1 1
stokku/delivery/controller/item/item.go:267.17,270.4 2 1
