mode: set
stokku/delivery/controller/user/user.go:23.90,28.2 1 1
stokku/delivery/controller/user/user.go:31.56,32.36 1 1
stokku/delivery/controller/user/user.go:32.36,36.42 3 1
stokku/delivery/controller/user/user.go:41.3,41.49 1 1
stokku/delivery/controller/user/user.go:46.3,49.17 3 1
stokku/delivery/controller/user/user.go:53.3,58.47 5 1
stokku/delivery/controller/user/user.go:36.42,39.4 2 1
stokku/delivery/controller/user/user.go:41.49,44.4 2 1
stokku/delivery/controller/user/user.go:49.17,52.4 2 1
stokku/delivery/controller/user/user.go:63.55,64.36 1 1
stokku/delivery/controller/user/user.go:64.36,67.17 3 1
stokku/delivery/controller/user/user.go:71.3,73.18 3 1
stokku/delivery/controller/user/user.go:77.3,78.57 2 1
stokku/delivery/controller/user/user.go:67.17,70.4 2 1
stokku/delivery/controller/user/user.go:73.18,76.4 2 1
stokku/delivery/controller/user/user.go:83.56,84.36 1 1
stokku/delivery/controller/user/user.go:84.36,86.42 2 1
stokku/delivery/controller/user/user.go:90.3,92.18 3 1
stokku/delivery/controller/user/user.go:96.3,97.25 2 1
stokku/delivery/controller/user/user.go:100.3,100.29 1 1
stokku/delivery/controller/user/user.go:103.3,103.26 1 1
stokku/delivery/controller/user/user.go:106.3,108.23 2 1
stokku/delivery/controller/user/user.go:112.3,113.61 2 1
stokku/delivery/controller/user/user.go:86.42,89.4 2 1
stokku/delivery/controller/user/user.go:92.18,95.4 2 1
stokku/delivery/controller/user/user.go:97.25,99.4 1 1
stokku/delivery/controller/user/user.go:100.29,102.4 1 1
stokku/delivery/controller/user/user.go:103.26,105.4 1 1
stokku/delivery/controller/user/user.go:108.23,111.4 2 1
stokku/delivery/controller/user/user.go:118.56,119.36 1 1
stokku/delivery/controller/user/user.go:119.36,122.17 3 1
stokku/delivery/controller/user/user.go:127.3,128.23 2 1
stokku/delivery/controller/user/user.go:132.3,133.53 2 1
stokku/delivery/controller/user/user.go:122.17,125.4 2 1
stokku/delivery/controller/user/user.go:128.23,131.4 2 1
stokku/delivery/controller/user/user.go:138.51,139.36 1 1
stokku/delivery/controller/user/user.go:139.36,141.43 2 1
stokku/delivery/controller/user/user.go:145.3,145.50 1 1
stokku/delivery/controller/user/user.go:151.3,153.17 2 1
stokku/delivery/controller/user/user.go:158.3,160.28 2 1
stokku/delivery/controller/user/user.go:165.3,165.61 1 0
stokku/delivery/controller/user/user.go:141.43,143.4 1 1
stokku/delivery/controller/user/user.go:145.50,149.4 2 1
stokku/delivery/controller/user/user.go:153.17,156.4 2 1
stokku/delivery/controller/user/user.go:160.28,164.4 3 1
